{"/Users/ryohatada/Desktop/App/child_garally/garally/components/MessageModal.tsx": {"path":"/Users/ryohatada/Desktop/App/child_garally/garally/components/MessageModal.tsx","statementMap":{"0":{"start":{"line":11,"column":2},"end":{"line":44,"column":3}},"1":{"start":{"line":16,"column":8},"end":{"line":16,"column":28}},"2":{"start":{"line":16,"column":19},"end":{"line":16,"column":28}}},"fnMap":{"0":{"name":"UploadModal","decl":{"start":{"line":10,"column":24},"end":{"line":10,"column":35}},"loc":{"start":{"line":10,"column":74},"end":{"line":45,"column":1}},"line":10},"1":{"name":"(anonymous_1)","decl":{"start":{"line":15,"column":20},"end":{"line":15,"column":21}},"loc":{"start":{"line":15,"column":30},"end":{"line":17,"column":7}},"line":15}},"branchMap":{"0":{"loc":{"start":{"line":16,"column":8},"end":{"line":16,"column":28}},"type":"if","locations":[{"start":{"line":16,"column":8},"end":{"line":16,"column":28}},{"start":{},"end":{}}],"line":16}},"s":{"0":3,"1":0,"2":0},"f":{"0":3,"1":0},"b":{"0":[0,0]},"_coverageSchema":"1a1c01bbd47fc00a2c39e90264f33305004495a9","hash":"65aec181a028b1f6d83fae5bba09f7135325fa69"}
,"/Users/ryohatada/Desktop/App/child_garally/garally/components/RandomPaperBackground.tsx": {"path":"/Users/ryohatada/Desktop/App/child_garally/garally/components/RandomPaperBackground.tsx","statementMap":{"0":{"start":{"line":5,"column":20},"end":{"line":5,"column":119}},"1":{"start":{"line":8,"column":2},"end":{"line":8,"column":46}},"2":{"start":{"line":12,"column":19},"end":{"line":12,"column":28}},"3":{"start":{"line":13,"column":19},"end":{"line":13,"column":28}},"4":{"start":{"line":14,"column":20},"end":{"line":14,"column":33}},"5":{"start":{"line":15,"column":20},"end":{"line":15,"column":29}},"6":{"start":{"line":16,"column":23},"end":{"line":16,"column":36}},"7":{"start":{"line":17,"column":23},"end":{"line":17,"column":37}},"8":{"start":{"line":18,"column":22},"end":{"line":18,"column":31}},"9":{"start":{"line":19,"column":22},"end":{"line":19,"column":36}},"10":{"start":{"line":21,"column":2},"end":{"line":32,"column":3}},"11":{"start":{"line":52,"column":26},"end":{"line":52,"column":59}},"12":{"start":{"line":53,"column":26},"end":{"line":53,"column":69}},"13":{"start":{"line":54,"column":16},"end":{"line":54,"column":97}},"14":{"start":{"line":56,"column":23},"end":{"line":60,"column":3}},"15":{"start":{"line":57,"column":30},"end":{"line":57,"column":50}},"16":{"start":{"line":58,"column":4},"end":{"line":58,"column":83}},"17":{"start":{"line":59,"column":4},"end":{"line":59,"column":89}},"18":{"start":{"line":62,"column":2},"end":{"line":83,"column":3}}},"fnMap":{"0":{"name":"jitter","decl":{"start":{"line":7,"column":9},"end":{"line":7,"column":15}},"loc":{"start":{"line":7,"column":51},"end":{"line":9,"column":1}},"line":7},"1":{"name":"generateRoundedRect","decl":{"start":{"line":11,"column":9},"end":{"line":11,"column":28}},"loc":{"start":{"line":11,"column":81},"end":{"line":33,"column":1}},"line":11},"2":{"name":"RandomPaperBackground","decl":{"start":{"line":44,"column":24},"end":{"line":44,"column":45}},"loc":{"start":{"line":51,"column":10},"end":{"line":84,"column":1}},"line":51},"3":{"name":"(anonymous_3)","decl":{"start":{"line":56,"column":23},"end":{"line":56,"column":24}},"loc":{"start":{"line":56,"column":49},"end":{"line":60,"column":3}},"line":56}},"branchMap":{"0":{"loc":{"start":{"line":7,"column":31},"end":{"line":7,"column":49}},"type":"default-arg","locations":[{"start":{"line":7,"column":47},"end":{"line":7,"column":49}}],"line":7},"1":{"loc":{"start":{"line":11,"column":60},"end":{"line":11,"column":79}},"type":"default-arg","locations":[{"start":{"line":11,"column":77},"end":{"line":11,"column":79}}],"line":11},"2":{"loc":{"start":{"line":47,"column":2},"end":{"line":47,"column":21}},"type":"default-arg","locations":[{"start":{"line":47,"column":20},"end":{"line":47,"column":21}}],"line":47},"3":{"loc":{"start":{"line":48,"column":2},"end":{"line":48,"column":23}},"type":"default-arg","locations":[{"start":{"line":48,"column":22},"end":{"line":48,"column":23}}],"line":48},"4":{"loc":{"start":{"line":49,"column":2},"end":{"line":49,"column":20}},"type":"default-arg","locations":[{"start":{"line":49,"column":19},"end":{"line":49,"column":20}}],"line":49},"5":{"loc":{"start":{"line":50,"column":2},"end":{"line":50,"column":22}},"type":"default-arg","locations":[{"start":{"line":50,"column":21},"end":{"line":50,"column":22}}],"line":50},"6":{"loc":{"start":{"line":54,"column":16},"end":{"line":54,"column":97}},"type":"cond-expr","locations":[{"start":{"line":54,"column":27},"end":{"line":54,"column":35}},{"start":{"line":54,"column":38},"end":{"line":54,"column":97}}],"line":54},"7":{"loc":{"start":{"line":74,"column":7},"end":{"line":78,"column":7}},"type":"binary-expr","locations":[{"start":{"line":74,"column":7},"end":{"line":74,"column":21}},{"start":{"line":74,"column":25},"end":{"line":74,"column":40}},{"start":{"line":75,"column":8},"end":{"line":77,"column":14}}],"line":74}},"s":{"0":2,"1":48,"2":6,"3":6,"4":6,"5":6,"6":6,"7":6,"8":6,"9":6,"10":6,"11":6,"12":6,"13":6,"14":6,"15":0,"16":0,"17":0,"18":6},"f":{"0":48,"1":6,"2":6,"3":0},"b":{"0":[48],"1":[0],"2":[0],"3":[0],"4":[0],"5":[0],"6":[0,6],"7":[6,0,0]},"_coverageSchema":"1a1c01bbd47fc00a2c39e90264f33305004495a9","hash":"d81bc05a2c2a7201949daa2064679262de23b7bd"}
,"/Users/ryohatada/Desktop/App/child_garally/garally/components/SakuhinDeleteModal.tsx": {"path":"/Users/ryohatada/Desktop/App/child_garally/garally/components/SakuhinDeleteModal.tsx","statementMap":{"0":{"start":{"line":15,"column":2},"end":{"line":70,"column":3}},"1":{"start":{"line":20,"column":8},"end":{"line":20,"column":28}},"2":{"start":{"line":20,"column":19},"end":{"line":20,"column":28}}},"fnMap":{"0":{"name":"SakuhinDeleteModal","decl":{"start":{"line":14,"column":24},"end":{"line":14,"column":42}},"loc":{"start":{"line":14,"column":93},"end":{"line":71,"column":1}},"line":14},"1":{"name":"(anonymous_1)","decl":{"start":{"line":19,"column":20},"end":{"line":19,"column":21}},"loc":{"start":{"line":19,"column":30},"end":{"line":21,"column":7}},"line":19}},"branchMap":{"0":{"loc":{"start":{"line":20,"column":8},"end":{"line":20,"column":28}},"type":"if","locations":[{"start":{"line":20,"column":8},"end":{"line":20,"column":28}},{"start":{},"end":{}}],"line":20}},"s":{"0":4,"1":0,"2":0},"f":{"0":4,"1":0},"b":{"0":[0,0]},"_coverageSchema":"1a1c01bbd47fc00a2c39e90264f33305004495a9","hash":"8c8126189cf3abd60763d57b128a11f1188769e6"}
,"/Users/ryohatada/Desktop/App/child_garally/garally/components/SakuhinImage.tsx": {"path":"/Users/ryohatada/Desktop/App/child_garally/garally/components/SakuhinImage.tsx","statementMap":{"0":{"start":{"line":17,"column":2},"end":{"line":28,"column":3}},"1":{"start":{"line":31,"column":15},"end":{"line":40,"column":2}}},"fnMap":{"0":{"name":"SakuhinImage","decl":{"start":{"line":16,"column":24},"end":{"line":16,"column":36}},"loc":{"start":{"line":16,"column":99},"end":{"line":29,"column":1}},"line":16}},"branchMap":{"0":{"loc":{"start":{"line":19,"column":7},"end":{"line":26,"column":14}},"type":"cond-expr","locations":[{"start":{"line":20,"column":8},"end":{"line":25,"column":10}},{"start":{"line":26,"column":10},"end":{"line":26,"column":14}}],"line":19},"1":{"loc":{"start":{"line":22,"column":18},"end":{"line":22,"column":89}},"type":"cond-expr","locations":[{"start":{"line":22,"column":29},"end":{"line":22,"column":46}},{"start":{"line":22,"column":49},"end":{"line":22,"column":89}}],"line":22},"2":{"loc":{"start":{"line":23,"column":17},"end":{"line":23,"column":84}},"type":"cond-expr","locations":[{"start":{"line":23,"column":42},"end":{"line":23,"column":60}},{"start":{"line":23,"column":63},"end":{"line":23,"column":84}}],"line":23}},"s":{"0":9,"1":3},"f":{"0":9},"b":{"0":[9,0],"1":[9,0],"2":[6,3]},"_coverageSchema":"1a1c01bbd47fc00a2c39e90264f33305004495a9","hash":"2a6bd76ff4e62dc15c3cb799ea4948a494c7f9a0"}
,"/Users/ryohatada/Desktop/App/child_garally/garally/components/SakuhinInfoModal.tsx": {"path":"/Users/ryohatada/Desktop/App/child_garally/garally/components/SakuhinInfoModal.tsx","statementMap":{"0":{"start":{"line":15,"column":2},"end":{"line":79,"column":3}},"1":{"start":{"line":20,"column":8},"end":{"line":20,"column":28}},"2":{"start":{"line":20,"column":19},"end":{"line":20,"column":28}}},"fnMap":{"0":{"name":"SakuhinInfoModal","decl":{"start":{"line":14,"column":24},"end":{"line":14,"column":40}},"loc":{"start":{"line":14,"column":79},"end":{"line":80,"column":1}},"line":14},"1":{"name":"(anonymous_1)","decl":{"start":{"line":19,"column":20},"end":{"line":19,"column":21}},"loc":{"start":{"line":19,"column":30},"end":{"line":21,"column":7}},"line":19}},"branchMap":{"0":{"loc":{"start":{"line":20,"column":8},"end":{"line":20,"column":28}},"type":"if","locations":[{"start":{"line":20,"column":8},"end":{"line":20,"column":28}},{"start":{},"end":{}}],"line":20},"1":{"loc":{"start":{"line":54,"column":57},"end":{"line":54,"column":82}},"type":"binary-expr","locations":[{"start":{"line":54,"column":57},"end":{"line":54,"column":71}},{"start":{"line":54,"column":75},"end":{"line":54,"column":82}}],"line":54},"2":{"loc":{"start":{"line":60,"column":58},"end":{"line":60,"column":84}},"type":"binary-expr","locations":[{"start":{"line":60,"column":58},"end":{"line":60,"column":73}},{"start":{"line":60,"column":77},"end":{"line":60,"column":84}}],"line":60},"3":{"loc":{"start":{"line":66,"column":58},"end":{"line":66,"column":84}},"type":"binary-expr","locations":[{"start":{"line":66,"column":58},"end":{"line":66,"column":73}},{"start":{"line":66,"column":77},"end":{"line":66,"column":84}}],"line":66}},"s":{"0":4,"1":1,"2":1},"f":{"0":4,"1":1},"b":{"0":[1,0],"1":[4,0],"2":[4,0],"3":[4,0]},"_coverageSchema":"1a1c01bbd47fc00a2c39e90264f33305004495a9","hash":"9303848c06521690ca3b74853a4a58f894a0e5c4"}
,"/Users/ryohatada/Desktop/App/child_garally/garally/themes/themes.ts": {"path":"/Users/ryohatada/Desktop/App/child_garally/garally/themes/themes.ts","statementMap":{"0":{"start":{"line":4,"column":20},"end":{"line":17,"column":1}},"1":{"start":{"line":18,"column":21},"end":{"line":31,"column":1}},"2":{"start":{"line":33,"column":21},"end":{"line":40,"column":1}},"3":{"start":{"line":42,"column":20},"end":{"line":49,"column":1}},"4":{"start":{"line":53,"column":20},"end":{"line":155,"column":2}},"5":{"start":{"line":165,"column":2},"end":{"line":167,"column":26}}},"fnMap":{},"branchMap":{"0":{"loc":{"start":{"line":165,"column":2},"end":{"line":167,"column":26}},"type":"cond-expr","locations":[{"start":{"line":166,"column":7},"end":{"line":166,"column":16}},{"start":{"line":167,"column":7},"end":{"line":167,"column":25}}],"line":165},"1":{"loc":{"start":{"line":165,"column":2},"end":{"line":165,"column":87}},"type":"binary-expr","locations":[{"start":{"line":165,"column":2},"end":{"line":165,"column":46}},{"start":{"line":165,"column":50},"end":{"line":165,"column":87}}],"line":165}},"s":{"0":4,"1":4,"2":4,"3":4,"4":4,"5":4},"f":{},"b":{"0":[0,4],"1":[4,0]},"_coverageSchema":"1a1c01bbd47fc00a2c39e90264f33305004495a9","hash":"e23229efafab7b31f480e89cfc86229ed1872920"}
,"/Users/ryohatada/Desktop/App/child_garally/garally/utils/galleryUtils.ts": {"path":"/Users/ryohatada/Desktop/App/child_garally/garally/utils/galleryUtils.ts","statementMap":{"0":{"start":{"line":15,"column":24},"end":{"line":42,"column":1}},"1":{"start":{"line":16,"column":2},"end":{"line":41,"column":3}},"2":{"start":{"line":17,"column":17},"end":{"line":17,"column":48}},"3":{"start":{"line":18,"column":18},"end":{"line":18,"column":51}},"4":{"start":{"line":20,"column":4},"end":{"line":22,"column":5}},"5":{"start":{"line":21,"column":6},"end":{"line":21,"column":15}},"6":{"start":{"line":24,"column":39},"end":{"line":36,"column":59}},"7":{"start":{"line":26,"column":8},"end":{"line":34,"column":9}},"8":{"start":{"line":27,"column":25},"end":{"line":27,"column":57}},"9":{"start":{"line":29,"column":10},"end":{"line":29,"column":34}},"10":{"start":{"line":29,"column":23},"end":{"line":29,"column":34}},"11":{"start":{"line":31,"column":10},"end":{"line":31,"column":35}},"12":{"start":{"line":33,"column":10},"end":{"line":33,"column":21}},"13":{"start":{"line":36,"column":45},"end":{"line":36,"column":58}},"14":{"start":{"line":38,"column":4},"end":{"line":38,"column":22}},"15":{"start":{"line":40,"column":4},"end":{"line":40,"column":41}},"16":{"start":{"line":44,"column":26},"end":{"line":54,"column":1}},"17":{"start":{"line":45,"column":2},"end":{"line":47,"column":3}},"18":{"start":{"line":46,"column":4},"end":{"line":46,"column":41}},"19":{"start":{"line":48,"column":2},"end":{"line":53,"column":3}},"20":{"start":{"line":49,"column":4},"end":{"line":49,"column":67}},"21":{"start":{"line":50,"column":4},"end":{"line":50,"column":46}},"22":{"start":{"line":52,"column":4},"end":{"line":52,"column":41}},"23":{"start":{"line":56,"column":26},"end":{"line":90,"column":1}},"24":{"start":{"line":63,"column":2},"end":{"line":65,"column":3}},"25":{"start":{"line":64,"column":4},"end":{"line":64,"column":44}},"26":{"start":{"line":67,"column":19},"end":{"line":67,"column":39}},"27":{"start":{"line":68,"column":21},"end":{"line":68,"column":55}},"28":{"start":{"line":69,"column":25},"end":{"line":69,"column":46}},"29":{"start":{"line":71,"column":2},"end":{"line":75,"column":3}},"30":{"start":{"line":72,"column":4},"end":{"line":72,"column":65}},"31":{"start":{"line":74,"column":4},"end":{"line":74,"column":40}},"32":{"start":{"line":77,"column":20},"end":{"line":83,"column":3}},"33":{"start":{"line":85,"column":2},"end":{"line":89,"column":3}},"34":{"start":{"line":86,"column":4},"end":{"line":86,"column":67}},"35":{"start":{"line":88,"column":4},"end":{"line":88,"column":43}},"36":{"start":{"line":92,"column":29},"end":{"line":106,"column":1}},"37":{"start":{"line":93,"column":21},"end":{"line":93,"column":76}},"38":{"start":{"line":94,"column":2},"end":{"line":96,"column":3}},"39":{"start":{"line":95,"column":4},"end":{"line":95,"column":42}},"40":{"start":{"line":98,"column":17},"end":{"line":101,"column":4}},"41":{"start":{"line":103,"column":2},"end":{"line":103,"column":34}},"42":{"start":{"line":103,"column":23},"end":{"line":103,"column":34}},"43":{"start":{"line":105,"column":2},"end":{"line":105,"column":29}}},"fnMap":{"0":{"name":"(anonymous_0)","decl":{"start":{"line":15,"column":24},"end":{"line":15,"column":25}},"loc":{"start":{"line":15,"column":60},"end":{"line":42,"column":1}},"line":15},"1":{"name":"(anonymous_1)","decl":{"start":{"line":25,"column":11},"end":{"line":25,"column":12}},"loc":{"start":{"line":25,"column":29},"end":{"line":35,"column":7}},"line":25},"2":{"name":"(anonymous_2)","decl":{"start":{"line":36,"column":14},"end":{"line":36,"column":15}},"loc":{"start":{"line":36,"column":45},"end":{"line":36,"column":58}},"line":36},"3":{"name":"(anonymous_3)","decl":{"start":{"line":44,"column":26},"end":{"line":44,"column":27}},"loc":{"start":{"line":44,"column":80},"end":{"line":54,"column":1}},"line":44},"4":{"name":"(anonymous_4)","decl":{"start":{"line":56,"column":26},"end":{"line":56,"column":27}},"loc":{"start":{"line":62,"column":20},"end":{"line":90,"column":1}},"line":62},"5":{"name":"(anonymous_5)","decl":{"start":{"line":92,"column":29},"end":{"line":92,"column":30}},"loc":{"start":{"line":92,"column":65},"end":{"line":106,"column":1}},"line":92}},"branchMap":{"0":{"loc":{"start":{"line":20,"column":4},"end":{"line":22,"column":5}},"type":"if","locations":[{"start":{"line":20,"column":4},"end":{"line":22,"column":5}},{"start":{},"end":{}}],"line":20},"1":{"loc":{"start":{"line":27,"column":25},"end":{"line":27,"column":57}},"type":"cond-expr","locations":[{"start":{"line":27,"column":33},"end":{"line":27,"column":50}},{"start":{"line":27,"column":53},"end":{"line":27,"column":57}}],"line":27},"2":{"loc":{"start":{"line":29,"column":10},"end":{"line":29,"column":34}},"type":"if","locations":[{"start":{"line":29,"column":10},"end":{"line":29,"column":34}},{"start":{},"end":{}}],"line":29},"3":{"loc":{"start":{"line":45,"column":2},"end":{"line":47,"column":3}},"type":"if","locations":[{"start":{"line":45,"column":2},"end":{"line":47,"column":3}},{"start":{},"end":{}}],"line":45},"4":{"loc":{"start":{"line":63,"column":2},"end":{"line":65,"column":3}},"type":"if","locations":[{"start":{"line":63,"column":2},"end":{"line":65,"column":3}},{"start":{},"end":{}}],"line":63},"5":{"loc":{"start":{"line":63,"column":6},"end":{"line":63,"column":56}},"type":"binary-expr","locations":[{"start":{"line":63,"column":6},"end":{"line":63,"column":10}},{"start":{"line":63,"column":14},"end":{"line":63,"column":20}},{"start":{"line":63,"column":24},"end":{"line":63,"column":31}},{"start":{"line":63,"column":35},"end":{"line":63,"column":42}},{"start":{"line":63,"column":46},"end":{"line":63,"column":56}}],"line":63},"6":{"loc":{"start":{"line":68,"column":21},"end":{"line":68,"column":55}},"type":"binary-expr","locations":[{"start":{"line":68,"column":21},"end":{"line":68,"column":49}},{"start":{"line":68,"column":53},"end":{"line":68,"column":55}}],"line":68},"7":{"loc":{"start":{"line":94,"column":2},"end":{"line":96,"column":3}},"type":"if","locations":[{"start":{"line":94,"column":2},"end":{"line":96,"column":3}},{"start":{},"end":{}}],"line":94},"8":{"loc":{"start":{"line":103,"column":2},"end":{"line":103,"column":34}},"type":"if","locations":[{"start":{"line":103,"column":2},"end":{"line":103,"column":34}},{"start":{},"end":{}}],"line":103}},"s":{"0":1,"1":2,"2":2,"3":1,"4":1,"5":0,"6":1,"7":2,"8":2,"9":2,"10":0,"11":2,"12":0,"13":2,"14":1,"15":1,"16":1,"17":3,"18":1,"19":2,"20":2,"21":1,"22":1,"23":1,"24":4,"25":1,"26":3,"27":3,"28":3,"29":3,"30":3,"31":1,"32":2,"33":2,"34":2,"35":1,"36":1,"37":3,"38":3,"39":1,"40":2,"41":2,"42":1,"43":1},"f":{"0":2,"1":2,"2":2,"3":3,"4":4,"5":3},"b":{"0":[0,1],"1":[2,0],"2":[0,2],"3":[1,2],"4":[1,3],"5":[4,3,3,3,3],"6":[3,3],"7":[1,2],"8":[1,1]},"_coverageSchema":"1a1c01bbd47fc00a2c39e90264f33305004495a9","hash":"92189315d76b89e21c9ac4105572f97719bc8373"}
}
