TN:
SF:components/MessageModal.tsx
FN:10,UploadModal
FN:15,(anonymous_1)
FNF:2
FNH:1
FNDA:3,UploadModal
FNDA:0,(anonymous_1)
DA:11,3
DA:16,0
LF:2
LH:1
BRDA:16,0,0,0
BRDA:16,0,1,0
BRF:2
BRH:0
end_of_record
TN:
SF:components/RandomPaperBackground.tsx
FN:7,jitter
FN:11,generateRoundedRect
FN:44,RandomPaperBackground
FN:56,(anonymous_3)
FNF:4
FNH:3
FNDA:48,jitter
FNDA:6,generateRoundedRect
FNDA:6,RandomPaperBackground
FNDA:0,(anonymous_3)
DA:5,2
DA:8,48
DA:12,6
DA:13,6
DA:14,6
DA:15,6
DA:16,6
DA:17,6
DA:18,6
DA:19,6
DA:21,6
DA:52,6
DA:53,6
DA:54,6
DA:56,6
DA:57,0
DA:58,0
DA:59,0
DA:62,6
LF:19
LH:16
BRDA:7,0,0,48
BRDA:11,1,0,0
BRDA:47,2,0,0
BRDA:48,3,0,0
BRDA:49,4,0,0
BRDA:50,5,0,0
BRDA:54,6,0,0
BRDA:54,6,1,6
BRDA:74,7,0,6
BRDA:74,7,1,0
BRDA:74,7,2,0
BRF:11
BRH:3
end_of_record
TN:
SF:components/SakuhinDeleteModal.tsx
FN:14,SakuhinDeleteModal
FN:19,(anonymous_1)
FNF:2
FNH:1
FNDA:4,SakuhinDeleteModal
FNDA:0,(anonymous_1)
DA:15,4
DA:20,0
LF:2
LH:1
BRDA:20,0,0,0
BRDA:20,0,1,0
BRF:2
BRH:0
end_of_record
TN:
SF:components/SakuhinImage.tsx
FN:16,SakuhinImage
FNF:1
FNH:1
FNDA:9,SakuhinImage
DA:17,9
DA:31,3
LF:2
LH:2
BRDA:19,0,0,9
BRDA:19,0,1,0
BRDA:22,1,0,9
BRDA:22,1,1,0
BRDA:23,2,0,6
BRDA:23,2,1,3
BRF:6
BRH:4
end_of_record
TN:
SF:components/SakuhinInfoModal.tsx
FN:14,SakuhinInfoModal
FN:19,(anonymous_1)
FNF:2
FNH:2
FNDA:4,SakuhinInfoModal
FNDA:1,(anonymous_1)
DA:15,4
DA:20,1
LF:2
LH:2
BRDA:20,0,0,1
BRDA:20,0,1,0
BRDA:54,1,0,4
BRDA:54,1,1,0
BRDA:60,2,0,4
BRDA:60,2,1,0
BRDA:66,3,0,4
BRDA:66,3,1,0
BRF:8
BRH:4
end_of_record
TN:
SF:themes/themes.ts
FNF:0
FNH:0
DA:4,4
DA:18,4
DA:33,4
DA:42,4
DA:53,4
DA:165,4
LF:6
LH:6
BRDA:165,0,0,0
BRDA:165,0,1,4
BRDA:165,1,0,4
BRDA:165,1,1,0
BRF:4
BRH:2
end_of_record
TN:
SF:utils/galleryUtils.ts
FN:15,(anonymous_0)
FN:25,(anonymous_1)
FN:36,(anonymous_2)
FN:44,(anonymous_3)
FN:56,(anonymous_4)
FN:92,(anonymous_5)
FNF:6
FNH:6
FNDA:2,(anonymous_0)
FNDA:2,(anonymous_1)
FNDA:2,(anonymous_2)
FNDA:3,(anonymous_3)
FNDA:4,(anonymous_4)
FNDA:3,(anonymous_5)
DA:15,1
DA:16,2
DA:17,2
DA:18,1
DA:20,1
DA:21,0
DA:24,1
DA:26,2
DA:27,2
DA:29,2
DA:31,2
DA:33,0
DA:36,2
DA:38,1
DA:40,1
DA:44,1
DA:45,3
DA:46,1
DA:48,2
DA:49,2
DA:50,1
DA:52,1
DA:56,1
DA:63,4
DA:64,1
DA:67,3
DA:68,3
DA:69,3
DA:71,3
DA:72,3
DA:74,1
DA:77,2
DA:85,2
DA:86,2
DA:88,1
DA:92,1
DA:93,3
DA:94,3
DA:95,1
DA:98,2
DA:103,2
DA:105,1
LF:42
LH:40
BRDA:20,0,0,0
BRDA:20,0,1,1
BRDA:27,1,0,2
BRDA:27,1,1,0
BRDA:29,2,0,0
BRDA:29,2,1,2
BRDA:45,3,0,1
BRDA:45,3,1,2
BRDA:63,4,0,1
BRDA:63,4,1,3
BRDA:63,5,0,4
BRDA:63,5,1,3
BRDA:63,5,2,3
BRDA:63,5,3,3
BRDA:63,5,4,3
BRDA:68,6,0,3
BRDA:68,6,1,3
BRDA:94,7,0,1
BRDA:94,7,1,2
BRDA:103,8,0,1
BRDA:103,8,1,1
BRF:21
BRH:18
end_of_record
